This file contains any messages produced by compilers while
running configure, to aid debugging if configure makes a mistake.

It was created by hello configure 1.1, which was
generated by GNU Autoconf 2.69.  Invocation command line was

  $ ./configure 

## --------- ##
## Platform. ##
## --------- ##

hostname = debian-x64
uname -m = x86_64
uname -r = 4.9.0-3-amd64
uname -s = Linux
uname -v = #1 SMP Debian 4.9.30-2 (2017-06-12)

/usr/bin/uname -p = unknown
/bin/uname -X     = unknown

/bin/arch              = unknown
/usr/bin/arch -k       = unknown
/usr/convex/getsysinfo = unknown
/usr/bin/hostinfo      = unknown
/bin/machine           = unknown
/usr/bin/oslevel       = unknown
/bin/universe          = unknown

PATH: /usr/local/bin
PATH: /usr/bin
PATH: /bin
PATH: /usr/local/games
PATH: /usr/games


## ----------- ##
## Core tests. ##
## ----------- ##

configure:1891: checking for a BSD-compatible install
configure:1959: result: /usr/bin/install -c
configure:1970: checking whether build environment is sane
configure:2025: result: yes
configure:2176: checking for a thread-safe mkdir -p
configure:2215: result: /bin/mkdir -p
configure:2222: checking for gawk
configure:2252: result: no
configure:2222: checking for mawk
configure:2238: found /usr/bin/mawk
configure:2249: result: mawk
configure:2260: checking whether make sets $(MAKE)
configure:2282: result: yes
configure:2311: checking whether make supports nested variables
configure:2328: result: yes
configure:2503: checking for gcc
configure:2519: found /usr/bin/gcc
configure:2530: result: gcc
configure:2759: checking for C compiler version
configure:2768: gcc --version >&5
gcc (Debian 6.3.0-18) 6.3.0 20170516
Copyright (C) 2016 Free Software Foundation, Inc.
This is free software; see the source for copying conditions.  There is NO
warranty; not even for MERCHANTABILITY or FITNESS FOR A PARTICULAR PURPOSE.

configure:2779: $? = 0
configure:2768: gcc -v >&5
Using built-in specs.
COLLECT_GCC=gcc
COLLECT_LTO_WRAPPER=/usr/lib/gcc/x86_64-linux-gnu/6/lto-wrapper
Target: x86_64-linux-gnu
Configured with: ../src/configure -v --with-pkgversion='Debian 6.3.0-18' --with-bugurl=file:///usr/share/doc/gcc-6/README.Bugs --enable-languages=c,ada,c++,java,go,d,fortran,objc,obj-c++ --prefix=/usr --program-suffix=-6 --program-prefix=x86_64-linux-gnu- --enable-shared --enable-linker-build-id --libexecdir=/usr/lib --without-included-gettext --enable-threads=posix --libdir=/usr/lib --enable-nls --with-sysroot=/ --enable-clocale=gnu --enable-libstdcxx-debug --enable-libstdcxx-time=yes --with-default-libstdcxx-abi=new --enable-gnu-unique-object --disable-vtable-verify --enable-libmpx --enable-plugin --enable-default-pie --with-system-zlib --disable-browser-plugin --enable-java-awt=gtk --enable-gtk-cairo --with-java-home=/usr/lib/jvm/java-1.5.0-gcj-6-amd64/jre --enable-java-home --with-jvm-root-dir=/usr/lib/jvm/java-1.5.0-gcj-6-amd64 --with-jvm-jar-dir=/usr/lib/jvm-exports/java-1.5.0-gcj-6-amd64 --with-arch-directory=amd64 --with-ecj-jar=/usr/share/java/eclipse-ecj.jar --with-target-system-zlib --enable-objc-gc=auto --enable-multiarch --with-arch-32=i686 --with-abi=m64 --with-multilib-list=m32,m64,mx32 --enable-multilib --with-tune=generic --enable-checking=release --build=x86_64-linux-gnu --host=x86_64-linux-gnu --target=x86_64-linux-gnu
Thread model: posix
gcc version 6.3.0 20170516 (Debian 6.3.0-18) 
configure:2779: $? = 0
configure:2768: gcc -V >&5
gcc: error: unrecognized command line option '-V'
gcc: fatal error: no input files
compilation terminated.
configure:2779: $? = 1
configure:2768: gcc -qversion >&5
gcc: error: unrecognized command line option '-qversion'; did you mean '--version'?
gcc: fatal error: no input files
compilation terminated.
configure:2779: $? = 1
configure:2799: checking whether the C compiler works
configure:2821: gcc    conftest.c  >&5
configure:2825: $? = 0
configure:2873: result: yes
configure:2876: checking for C compiler default output file name
configure:2878: result: a.out
configure:2884: checking for suffix of executables
configure:2891: gcc -o conftest    conftest.c  >&5
configure:2895: $? = 0
configure:2917: result: 
configure:2939: checking whether we are cross compiling
configure:2947: gcc -o conftest    conftest.c  >&5
configure:2951: $? = 0
configure:2958: ./conftest
configure:2962: $? = 0
configure:2977: result: no
configure:2982: checking for suffix of object files
configure:3004: gcc -c   conftest.c >&5
configure:3008: $? = 0
configure:3029: result: o
configure:3033: checking whether we are using the GNU C compiler
configure:3052: gcc -c   conftest.c >&5
configure:3052: $? = 0
configure:3061: result: yes
configure:3070: checking whether gcc accepts -g
configure:3090: gcc -c -g  conftest.c >&5
configure:3090: $? = 0
configure:3131: result: yes
configure:3148: checking for gcc option to accept ISO C89
configure:3211: gcc  -c -g -O2  conftest.c >&5
configure:3211: $? = 0
configure:3224: result: none needed
configure:3249: checking whether gcc understands -c and -o together
configure:3271: gcc -c conftest.c -o conftest2.o
configure:3274: $? = 0
configure:3271: gcc -c conftest.c -o conftest2.o
configure:3274: $? = 0
configure:3286: result: yes
configure:3314: checking for style of include used by make
configure:3342: result: GNU
configure:3368: checking dependency style of gcc
configure:3479: result: gcc3
configure:3503: checking for asdw in -lasd.h
configure:3528: gcc -o conftest -g -O2   conftest.c -lasd.h   >&5
/usr/bin/ld: cannot find -lasd.h
collect2: error: ld returned 1 exit status
configure:3528: $? = 1
configure: failed program was:
| /* confdefs.h */
| #define PACKAGE_NAME "hello"
| #define PACKAGE_TARNAME "hello"
| #define PACKAGE_VERSION "1.1"
| #define PACKAGE_STRING "hello 1.1"
| #define PACKAGE_BUGREPORT "nadena.xq95@mail.ru"
| #define PACKAGE_URL ""
| #define PACKAGE "hello"
| #define VERSION "1.1"
| /* end confdefs.h.  */
| 
| /* Override any GCC internal prototype to avoid an error.
|    Use char because int might match the return type of a GCC
|    builtin and then its argument prototype would still apply.  */
| #ifdef __cplusplus
| extern "C"
| #endif
| char asdw ();
| int
| main ()
| {
| return asdw ();
|   ;
|   return 0;
| }
configure:3537: result: no
configure:3695: checking that generated files are newer than configure
configure:3701: result: done
configure:3724: creating ./config.status

## ---------------------- ##
## Running config.status. ##
## ---------------------- ##

This file was extended by hello config.status 1.1, which was
generated by GNU Autoconf 2.69.  Invocation command line was

  CONFIG_FILES    = 
  CONFIG_HEADERS  = 
  CONFIG_LINKS    = 
  CONFIG_COMMANDS = 
  $ ./config.status 

on debian-x64

config.status:774: creating Makefile
config.status:774: creating src/Makefile
config.status:946: executing depfiles commands

## ---------------- ##
## Cache variables. ##
## ---------------- ##

ac_cv_c_compiler_gnu=yes
ac_cv_env_CC_set=
ac_cv_env_CC_value=
ac_cv_env_CFLAGS_set=
ac_cv_env_CFLAGS_value=
ac_cv_env_CPPFLAGS_set=
ac_cv_env_CPPFLAGS_value=
ac_cv_env_LDFLAGS_set=
ac_cv_env_LDFLAGS_value=
ac_cv_env_LIBS_set=
ac_cv_env_LIBS_value=
ac_cv_env_build_alias_set=
ac_cv_env_build_alias_value=
ac_cv_env_host_alias_set=
ac_cv_env_host_alias_value=
ac_cv_env_target_alias_set=
ac_cv_env_target_alias_value=
ac_cv_lib_asd_h_asdw=no
ac_cv_objext=o
ac_cv_path_install='/usr/bin/install -c'
ac_cv_path_mkdir=/bin/mkdir
ac_cv_prog_AWK=mawk
ac_cv_prog_ac_ct_CC=gcc
ac_cv_prog_cc_c89=
ac_cv_prog_cc_g=yes
ac_cv_prog_make_make_set=yes
am_cv_CC_dependencies_compiler_type=gcc3
am_cv_make_support_nested_variables=yes
am_cv_prog_cc_c_o=yes

## ----------------- ##
## Output variables. ##
## ----------------- ##

ACLOCAL='${SHELL} /home/nadezhda/testproject/missing aclocal-1.15'
AMDEPBACKSLASH='\'
AMDEP_FALSE='#'
AMDEP_TRUE=''
AMTAR='$${TAR-tar}'
AM_BACKSLASH='\'
AM_DEFAULT_V='$(AM_DEFAULT_VERBOSITY)'
AM_DEFAULT_VERBOSITY='1'
AM_V='$(V)'
AUTOCONF='${SHELL} /home/nadezhda/testproject/missing autoconf'
AUTOHEADER='${SHELL} /home/nadezhda/testproject/missing autoheader'
AUTOMAKE='${SHELL} /home/nadezhda/testproject/missing automake-1.15'
AWK='mawk'
CC='gcc'
CCDEPMODE='depmode=gcc3'
CFLAGS='-g -O2'
CPPFLAGS=''
CYGPATH_W='echo'
DEFS='-DPACKAGE_NAME=\"hello\" -DPACKAGE_TARNAME=\"hello\" -DPACKAGE_VERSION=\"1.1\" -DPACKAGE_STRING=\"hello\ 1.1\" -DPACKAGE_BUGREPORT=\"nadena.xq95@mail.ru\" -DPACKAGE_URL=\"\" -DPACKAGE=\"hello\" -DVERSION=\"1.1\"'
DEPDIR='.deps'
ECHO_C=''
ECHO_N='-n'
ECHO_T=''
EXEEXT=''
INSTALL_DATA='${INSTALL} -m 644'
INSTALL_PROGRAM='${INSTALL}'
INSTALL_SCRIPT='${INSTALL}'
INSTALL_STRIP_PROGRAM='$(install_sh) -c -s'
LDFLAGS=''
LIBOBJS=''
LIBS=''
LTLIBOBJS=''
MAKEINFO='${SHELL} /home/nadezhda/testproject/missing makeinfo'
MKDIR_P='/bin/mkdir -p'
OBJEXT='o'
PACKAGE='hello'
PACKAGE_BUGREPORT='nadena.xq95@mail.ru'
PACKAGE_NAME='hello'
PACKAGE_STRING='hello 1.1'
PACKAGE_TARNAME='hello'
PACKAGE_URL=''
PACKAGE_VERSION='1.1'
PATH_SEPARATOR=':'
SET_MAKE=''
SHELL='/bin/bash'
STRIP=''
VERSION='1.1'
ac_ct_CC='gcc'
am__EXEEXT_FALSE=''
am__EXEEXT_TRUE='#'
am__fastdepCC_FALSE='#'
am__fastdepCC_TRUE=''
am__include='include'
am__isrc=''
am__leading_dot='.'
am__nodep='_no'
am__quote=''
am__tar='$${TAR-tar} chof - "$$tardir"'
am__untar='$${TAR-tar} xf -'
bindir='${exec_prefix}/bin'
build_alias=''
datadir='${datarootdir}'
datarootdir='${prefix}/share'
docdir='${datarootdir}/doc/${PACKAGE_TARNAME}'
dvidir='${docdir}'
exec_prefix='${prefix}'
host_alias=''
htmldir='${docdir}'
includedir='${prefix}/include'
infodir='${datarootdir}/info'
install_sh='${SHELL} /home/nadezhda/testproject/install-sh'
libdir='${exec_prefix}/lib'
libexecdir='${exec_prefix}/libexec'
localedir='${datarootdir}/locale'
localstatedir='${prefix}/var'
mandir='${datarootdir}/man'
mkdir_p='$(MKDIR_P)'
oldincludedir='/usr/include'
pdfdir='${docdir}'
prefix='/usr/local'
program_transform_name='s,x,x,'
psdir='${docdir}'
runstatedir='${localstatedir}/run'
sbindir='${exec_prefix}/sbin'
sharedstatedir='${prefix}/com'
sysconfdir='${prefix}/etc'
target_alias=''

## ----------- ##
## confdefs.h. ##
## ----------- ##

/* confdefs.h */
#define PACKAGE_NAME "hello"
#define PACKAGE_TARNAME "hello"
#define PACKAGE_VERSION "1.1"
#define PACKAGE_STRING "hello 1.1"
#define PACKAGE_BUGREPORT "nadena.xq95@mail.ru"
#define PACKAGE_URL ""
#define PACKAGE "hello"
#define VERSION "1.1"

configure: exit 0
